[debug] [2021-10-20T12:34:17.028Z] ----------------------------------------------------------------------
[debug] [2021-10-20T12:34:17.031Z] Command:       C:\Program Files\nodejs\node.exe C:\Users\acer\AppData\Roaming\npm\node_modules\firebase-tools\lib\bin\firebase.js emulators:start
[debug] [2021-10-20T12:34:17.031Z] CLI Version:   9.20.0
[debug] [2021-10-20T12:34:17.031Z] Platform:      win32
[debug] [2021-10-20T12:34:17.031Z] Node Version:  v14.18.0
[debug] [2021-10-20T12:34:17.032Z] Time:          Wed Oct 20 2021 18:04:17 GMT+0530 (India Standard Time)
[debug] [2021-10-20T12:34:17.032Z] ----------------------------------------------------------------------
[debug] 
[debug] [2021-10-20T12:34:17.109Z] > command requires scopes: ["email","openid","https://www.googleapis.com/auth/cloudplatformprojects.readonly","https://www.googleapis.com/auth/firebase","https://www.googleapis.com/auth/cloud-platform"]
[debug] [2021-10-20T12:34:17.109Z] > authorizing via signed-in user (killoptimusprimefastmooo@gmail.com)
[info] i  emulators: Starting emulators: functions, hosting {"metadata":{"emulator":{"name":"hub"},"message":"Starting emulators: functions, hosting"}}
[debug] [2021-10-20T12:34:17.143Z] [hub] writing locator at C:\Users\acer\AppData\Local\Temp\hub-farmer-buddy-system.json
[warn] !  functions: The following emulators are not running, calls to these services from the Functions emulator will affect production: auth, firestore, database, pubsub, storage {"metadata":{"emulator":{"name":"functions"},"message":"The following emulators are not running, calls to these services from the Functions emulator will affect production: \u001b[1mauth, firestore, database, pubsub, storage\u001b[22m"}}
[info] +  functions: Using node@14 from host. {"metadata":{"emulator":{"name":"functions"},"message":"Using node@14 from host."}}
[debug] [2021-10-20T12:34:17.200Z] defaultcredentials: writing to file C:\Users\acer\AppData\Roaming\firebase\killoptimusprimefastmooo_gmail_com_application_default_credentials.json
[debug] [2021-10-20T12:34:17.204Z] Setting GAC to C:\Users\acer\AppData\Roaming\firebase\killoptimusprimefastmooo_gmail_com_application_default_credentials.json {"metadata":{"emulator":{"name":"functions"},"message":"Setting GAC to C:\\Users\\acer\\AppData\\Roaming\\firebase\\killoptimusprimefastmooo_gmail_com_application_default_credentials.json"}}
[debug] [2021-10-20T12:34:17.207Z] > refreshing access token with scopes: []
[debug] [2021-10-20T12:34:17.208Z] >>> HTTP REQUEST POST https://www.googleapis.com/oauth2/v3/token  
 <request body omitted>
[debug] [2021-10-20T12:34:17.442Z] <<< HTTP RESPONSE 200 {"cache-control":"no-cache, no-store, max-age=0, must-revalidate","pragma":"no-cache","expires":"Mon, 01 Jan 1990 00:00:00 GMT","date":"Wed, 20 Oct 2021 12:34:24 GMT","content-type":"application/json; charset=utf-8","vary":"X-Origin, Referer, Origin,Accept-Encoding","server":"scaffolding on HTTPServer2","x-xss-protection":"0","x-frame-options":"SAMEORIGIN","x-content-type-options":"nosniff","alt-svc":"h3=\":443\"; ma=2592000,h3-29=\":443\"; ma=2592000,h3-Q050=\":443\"; ma=2592000,h3-Q046=\":443\"; ma=2592000,h3-Q043=\":443\"; ma=2592000","accept-ranges":"none","transfer-encoding":"chunked"}
[debug] [2021-10-20T12:34:17.455Z] >>> [apiv2][query] GET https://firebase.googleapis.com/v1beta1/projects/farmer-buddy-system/adminSdkConfig [none]
[debug] [2021-10-20T12:34:17.928Z] <<< [apiv2][status] GET https://firebase.googleapis.com/v1beta1/projects/farmer-buddy-system/adminSdkConfig 200
[debug] [2021-10-20T12:34:17.928Z] <<< [apiv2][body] GET https://firebase.googleapis.com/v1beta1/projects/farmer-buddy-system/adminSdkConfig {"projectId":"farmer-buddy-system","storageBucket":"farmer-buddy-system.appspot.com","locationId":"us-central"}
[debug] [2021-10-20T12:34:17.947Z] >>> [apiv2][query] GET https://firebasehosting.googleapis.com/v1beta1/projects/farmer-buddy-system/sites 
[debug] [2021-10-20T12:34:19.771Z] <<< [apiv2][status] GET https://firebasehosting.googleapis.com/v1beta1/projects/farmer-buddy-system/sites 200
[debug] [2021-10-20T12:34:19.772Z] <<< [apiv2][body] GET https://firebasehosting.googleapis.com/v1beta1/projects/farmer-buddy-system/sites {"sites":[{"name":"projects/767907510619/sites/farmer-buddy-system","defaultUrl":"https://farmer-buddy-system.web.app","appId":"1:767907510619:web:9f0b34fbd70095e5d3427e","type":"DEFAULT_SITE"}]}
[debug] [2021-10-20T12:34:19.772Z] >>> [apiv2][query] GET https://firebase.googleapis.com/v1beta1/projects/farmer-buddy-system/webApps/1:767907510619:web:9f0b34fbd70095e5d3427e/config [none]
[debug] [2021-10-20T12:34:21.307Z] <<< [apiv2][status] GET https://firebase.googleapis.com/v1beta1/projects/farmer-buddy-system/webApps/1:767907510619:web:9f0b34fbd70095e5d3427e/config 200
[debug] [2021-10-20T12:34:21.308Z] <<< [apiv2][body] GET https://firebase.googleapis.com/v1beta1/projects/farmer-buddy-system/webApps/1:767907510619:web:9f0b34fbd70095e5d3427e/config {"projectId":"farmer-buddy-system","appId":"1:767907510619:web:9f0b34fbd70095e5d3427e","storageBucket":"farmer-buddy-system.appspot.com","locationId":"us-central","apiKey":"AIzaSyCgomrpwigPBdBwgN9xNBXO7xuavhNuDe0","authDomain":"farmer-buddy-system.firebaseapp.com","messagingSenderId":"767907510619","measurementId":"G-NPQ5MTH3QC"}
[info] i  hosting: Serving hosting files from: build {"metadata":{"emulator":{"name":"hosting"},"message":"Serving hosting files from: \u001b[1mbuild\u001b[22m"}}
[info] +  hosting: Local server: http://localhost:5000 {"metadata":{"emulator":{"name":"hosting"},"message":"Local server: \u001b[4m\u001b[1mhttp://localhost:5000\u001b[22m\u001b[24m"}}
[debug] [2021-10-20T12:34:21.365Z] Ignoring unsupported arg: auto_download {"metadata":{"emulator":{"name":"ui"},"message":"Ignoring unsupported arg: auto_download"}}
[debug] [2021-10-20T12:34:21.365Z] Ignoring unsupported arg: port {"metadata":{"emulator":{"name":"ui"},"message":"Ignoring unsupported arg: port"}}
[debug] [2021-10-20T12:34:21.365Z] Starting Emulator UI with command {"binary":"node","args":["C:\\Users\\acer\\.cache\\firebase\\emulators\\ui-v1.6.3\\server.bundle.js"],"optionalArgs":[],"joinArgs":false} {"metadata":{"emulator":{"name":"ui"},"message":"Starting Emulator UI with command {\"binary\":\"node\",\"args\":[\"C:\\\\Users\\\\acer\\\\.cache\\\\firebase\\\\emulators\\\\ui-v1.6.3\\\\server.bundle.js\"],\"optionalArgs\":[],\"joinArgs\":false}"}}
[info] i  ui: Emulator UI logging to ui-debug.log {"metadata":{"emulator":{"name":"ui"},"message":"Emulator UI logging to \u001b[1mui-debug.log\u001b[22m"}}
[debug] [2021-10-20T12:34:21.524Z] Web / API server started at localhost:4000
 {"metadata":{"emulator":{"name":"ui"},"message":"Web / API server started at localhost:4000\n"}}
[info] i  functions: Watching "C:\Users\acer\Desktop\Softwares\Project FBS\farmer-buddy-system\functions" for Cloud Functions... {"metadata":{"emulator":{"name":"functions"},"message":"Watching \"C:\\Users\\acer\\Desktop\\Softwares\\Project FBS\\farmer-buddy-system\\functions\" for Cloud Functions..."}}
[debug] [2021-10-20T12:34:21.670Z] [worker-pool] addWorker(~diagnostic~) {"metadata":{"emulator":{"name":"functions"},"message":"[worker-pool] addWorker(~diagnostic~)"}}
[debug] [2021-10-20T12:34:21.671Z] [worker-pool] Adding worker with key ~diagnostic~, total=1 {"metadata":{"emulator":{"name":"functions"},"message":"[worker-pool] Adding worker with key ~diagnostic~, total=1"}}
[debug] [2021-10-20T12:34:21.672Z] [worker-pool] submitWork(triggerId=) {"metadata":{"emulator":{"name":"functions"},"message":"[worker-pool] submitWork(triggerId=)"}}
[debug] [2021-10-20T12:34:21.673Z] [worker-~diagnostic~-3952b479-f171-450c-9706-27781736d244]: Assigning socketPath: \\?\pipe\C:\Users\acer\Desktop\Softwares\Project FBS\farmer-buddy-system\functions\6852 {"metadata":{"emulator":{"name":"functions"},"message":"[worker-~diagnostic~-3952b479-f171-450c-9706-27781736d244]: Assigning socketPath: \\\\?\\pipe\\C:\\Users\\acer\\Desktop\\Softwares\\Project FBS\\farmer-buddy-system\\functions\\6852"}}
[debug] [2021-10-20T12:34:21.673Z] [worker-~diagnostic~-3952b479-f171-450c-9706-27781736d244]: BUSY {"metadata":{"emulator":{"name":"functions"},"message":"[worker-~diagnostic~-3952b479-f171-450c-9706-27781736d244]: BUSY"}}
[debug] [2021-10-20T12:34:21.871Z] [runtime-status] [6852] Functions runtime initialized. {"cwd":"C:\\Users\\acer\\Desktop\\Softwares\\Project FBS\\farmer-buddy-system\\functions","node_version":"14.18.0"} {"metadata":{"emulator":{"name":"functions"},"message":"[runtime-status] [6852] Functions runtime initialized. {\"cwd\":\"C:\\\\Users\\\\acer\\\\Desktop\\\\Softwares\\\\Project FBS\\\\farmer-buddy-system\\\\functions\",\"node_version\":\"14.18.0\"}"}}
[debug] [2021-10-20T12:34:21.871Z] [runtime-status] [6852] Disabled runtime features: undefined {"metadata":{"emulator":{"name":"functions"},"message":"[runtime-status] [6852] Disabled runtime features: undefined"}}
[debug] [2021-10-20T12:34:21.877Z] [runtime-status] [6852] Resolved module firebase-admin {"declared":true,"installed":true,"version":"9.12.0","resolution":"C:\\Users\\acer\\Desktop\\Softwares\\Project FBS\\farmer-buddy-system\\functions\\node_modules\\firebase-admin\\lib\\index.js"} {"metadata":{"emulator":{"name":"functions"},"message":"[runtime-status] [6852] Resolved module firebase-admin {\"declared\":true,\"installed\":true,\"version\":\"9.12.0\",\"resolution\":\"C:\\\\Users\\\\acer\\\\Desktop\\\\Softwares\\\\Project FBS\\\\farmer-buddy-system\\\\functions\\\\node_modules\\\\firebase-admin\\\\lib\\\\index.js\"}"}}
[debug] [2021-10-20T12:34:21.882Z] [runtime-status] [6852] Resolved module firebase-functions {"declared":true,"installed":true,"version":"3.15.7","resolution":"C:\\Users\\acer\\Desktop\\Softwares\\Project FBS\\farmer-buddy-system\\functions\\node_modules\\firebase-functions\\lib\\index.js"} {"metadata":{"emulator":{"name":"functions"},"message":"[runtime-status] [6852] Resolved module firebase-functions {\"declared\":true,\"installed\":true,\"version\":\"3.15.7\",\"resolution\":\"C:\\\\Users\\\\acer\\\\Desktop\\\\Softwares\\\\Project FBS\\\\farmer-buddy-system\\\\functions\\\\node_modules\\\\firebase-functions\\\\lib\\\\index.js\"}"}}
[debug] [2021-10-20T12:34:21.885Z] [runtime-status] [6852] Outgoing network have been stubbed. [{"name":"http","status":"mocked"},{"name":"http","status":"mocked"},{"name":"https","status":"mocked"},{"name":"https","status":"mocked"},{"name":"net","status":"mocked"}] {"metadata":{"emulator":{"name":"functions"},"message":"[runtime-status] [6852] Outgoing network have been stubbed. [{\"name\":\"http\",\"status\":\"mocked\"},{\"name\":\"http\",\"status\":\"mocked\"},{\"name\":\"https\",\"status\":\"mocked\"},{\"name\":\"https\",\"status\":\"mocked\"},{\"name\":\"net\",\"status\":\"mocked\"}]"}}
[debug] [2021-10-20T12:34:21.886Z] [runtime-status] [6852] Resolved module firebase-functions {"declared":true,"installed":true,"version":"3.15.7","resolution":"C:\\Users\\acer\\Desktop\\Softwares\\Project FBS\\farmer-buddy-system\\functions\\node_modules\\firebase-functions\\lib\\index.js"} {"metadata":{"emulator":{"name":"functions"},"message":"[runtime-status] [6852] Resolved module firebase-functions {\"declared\":true,\"installed\":true,\"version\":\"3.15.7\",\"resolution\":\"C:\\\\Users\\\\acer\\\\Desktop\\\\Softwares\\\\Project FBS\\\\farmer-buddy-system\\\\functions\\\\node_modules\\\\firebase-functions\\\\lib\\\\index.js\"}"}}
[debug] [2021-10-20T12:34:22.006Z] [runtime-status] [6852] Checked functions.config() {"config":{}} {"metadata":{"emulator":{"name":"functions"},"message":"[runtime-status] [6852] Checked functions.config() {\"config\":{}}"}}
[debug] [2021-10-20T12:34:22.006Z] [runtime-status] [6852] firebase-functions has been stubbed. {"functionsResolution":{"declared":true,"installed":true,"version":"3.15.7","resolution":"C:\\Users\\acer\\Desktop\\Softwares\\Project FBS\\farmer-buddy-system\\functions\\node_modules\\firebase-functions\\lib\\index.js"}} {"metadata":{"emulator":{"name":"functions"},"message":"[runtime-status] [6852] firebase-functions has been stubbed. {\"functionsResolution\":{\"declared\":true,\"installed\":true,\"version\":\"3.15.7\",\"resolution\":\"C:\\\\Users\\\\acer\\\\Desktop\\\\Softwares\\\\Project FBS\\\\farmer-buddy-system\\\\functions\\\\node_modules\\\\firebase-functions\\\\lib\\\\index.js\"}}"}}
[debug] [2021-10-20T12:34:22.007Z] [runtime-status] [6852] Resolved module firebase-functions {"declared":true,"installed":true,"version":"3.15.7","resolution":"C:\\Users\\acer\\Desktop\\Softwares\\Project FBS\\farmer-buddy-system\\functions\\node_modules\\firebase-functions\\lib\\index.js"} {"metadata":{"emulator":{"name":"functions"},"message":"[runtime-status] [6852] Resolved module firebase-functions {\"declared\":true,\"installed\":true,\"version\":\"3.15.7\",\"resolution\":\"C:\\\\Users\\\\acer\\\\Desktop\\\\Softwares\\\\Project FBS\\\\farmer-buddy-system\\\\functions\\\\node_modules\\\\firebase-functions\\\\lib\\\\index.js\"}"}}
[debug] [2021-10-20T12:34:22.009Z] [runtime-status] [6852] Resolved module firebase-admin {"declared":true,"installed":true,"version":"9.12.0","resolution":"C:\\Users\\acer\\Desktop\\Softwares\\Project FBS\\farmer-buddy-system\\functions\\node_modules\\firebase-admin\\lib\\index.js"} {"metadata":{"emulator":{"name":"functions"},"message":"[runtime-status] [6852] Resolved module firebase-admin {\"declared\":true,\"installed\":true,\"version\":\"9.12.0\",\"resolution\":\"C:\\\\Users\\\\acer\\\\Desktop\\\\Softwares\\\\Project FBS\\\\farmer-buddy-system\\\\functions\\\\node_modules\\\\firebase-admin\\\\lib\\\\index.js\"}"}}
[debug] [2021-10-20T12:34:22.011Z] [runtime-status] [6852] Resolved module firebase-functions {"declared":true,"installed":true,"version":"3.15.7","resolution":"C:\\Users\\acer\\Desktop\\Softwares\\Project FBS\\farmer-buddy-system\\functions\\node_modules\\firebase-functions\\lib\\index.js"} {"metadata":{"emulator":{"name":"functions"},"message":"[runtime-status] [6852] Resolved module firebase-functions {\"declared\":true,\"installed\":true,\"version\":\"3.15.7\",\"resolution\":\"C:\\\\Users\\\\acer\\\\Desktop\\\\Softwares\\\\Project FBS\\\\farmer-buddy-system\\\\functions\\\\node_modules\\\\firebase-functions\\\\lib\\\\index.js\"}"}}
[debug] [2021-10-20T12:34:22.011Z] [runtime-status] [6852] firebase-admin has been stubbed. {"adminResolution":{"declared":true,"installed":true,"version":"9.12.0","resolution":"C:\\Users\\acer\\Desktop\\Softwares\\Project FBS\\farmer-buddy-system\\functions\\node_modules\\firebase-admin\\lib\\index.js"}} {"metadata":{"emulator":{"name":"functions"},"message":"[runtime-status] [6852] firebase-admin has been stubbed. {\"adminResolution\":{\"declared\":true,\"installed\":true,\"version\":\"9.12.0\",\"resolution\":\"C:\\\\Users\\\\acer\\\\Desktop\\\\Softwares\\\\Project FBS\\\\farmer-buddy-system\\\\functions\\\\node_modules\\\\firebase-admin\\\\lib\\\\index.js\"}}"}}
[info] +  functions[us-central1-api]: http function initialized (http://localhost:5001/farmer-buddy-system/us-central1/api). {"metadata":{"emulator":{"name":"functions"},"message":"\u001b[1mhttp\u001b[22m function initialized (http://localhost:5001/farmer-buddy-system/us-central1/api)."}}
[info] 
┌─────────────────────────────────────────────────────────────┐
│ ✔  All emulators ready! It is now safe to connect your app. │
│ i  View Emulator UI at http://localhost:4000                │
└─────────────────────────────────────────────────────────────┘

┌───────────┬────────────────┬─────────────────────────────────┐
│ Emulator  │ Host:Port      │ View in Emulator UI             │
├───────────┼────────────────┼─────────────────────────────────┤
│ Functions │ localhost:5001 │ http://localhost:4000/functions │
├───────────┼────────────────┼─────────────────────────────────┤
│ Hosting   │ localhost:5000 │ n/a                             │
└───────────┴────────────────┴─────────────────────────────────┘
  Emulator Hub running at localhost:4400
  Other reserved ports: 4500

Issues? Report them at https://github.com/firebase/firebase-tools/issues and attach the *-debug.log files.
 
[debug] [2021-10-20T12:34:22.349Z] [worker-~diagnostic~-3952b479-f171-450c-9706-27781736d244]: IDLE {"metadata":{"emulator":{"name":"functions"},"message":"[worker-~diagnostic~-3952b479-f171-450c-9706-27781736d244]: IDLE"}}
